<?xml version="1.0" encoding="UTF-8"?>
<!-- Generated by org.testng.reporters.JUnitXMLReporter -->
<testsuite hostname="alaqa" ignored="0" name="Default test" tests="3" failures="0" timestamp="2020-11-30T21:16:40 EET" time="61.819" errors="0">
  <testcase name="userSuccesregistration" time="6.904" classname="com.maven.selenium.TestCase"/>
  <testcase name="userSucceslogin" time="2.26" classname="com.maven.selenium.TestCase"/>
  <testcase name="userCheckout" time="20.403" classname="com.maven.selenium.TestCase"/>
</testsuite> <!-- Default test -->
